Arguments: 
  /Users/laosu/.nvm/versions/node/v12.14.0/bin/node /usr/local/Cellar/yarn/1.9.4/libexec/bin/yarn.js add bable-preset-latest babel-plugin-external-helpers -D

PATH: 
  /opt/local/bin:/opt/local/sbin:/Users/laosu/.jenv/shims:/Users/laosu/.jenv/bin:./node_modules/.bin:/Users/laosu/development/flutter/bin:/Users/laosu/.nvm/versions/node/v12.14.0/bin:/Library/Frameworks/Python.framework/Versions/3.6/bin:/usr/local/bin:/usr/bin:/bin:/usr/sbin:/sbin:/opt/local/bin:/opt/local/sbin:/Users/laosu/.jenv/shims:/Users/laosu/.jenv/bin:./node_modules/.bin:/Users/laosu/development/flutter/bin:/Users/laosu/.nvm/versions/node/v12.14.0/bin:/Library/Frameworks/Python.framework/Versions/3.6/bin:/Users/laosu/.config/yarn/global/node_modules/.bin:/tools:/Users/laosu/Library/Android/sdk/platform-tools:/usr/local/bin:/Users/laosu/.config/yarn/global/node_modules/.bin:/tools:/Users/laosu/Library/Android/sdk/platform-tools

Yarn version: 
  1.9.4

Node version: 
  12.14.0

Platform: 
  darwin x64

Trace: 
  Error: https://registry.npm.taobao.org/bable-preset-latest: Not found
      at Request.params.callback [as _callback] (/usr/local/Cellar/yarn/1.9.4/libexec/lib/cli.js:64202:18)
      at Request.self.callback (/usr/local/Cellar/yarn/1.9.4/libexec/lib/cli.js:137468:22)
      at Request.emit (events.js:210:5)
      at Request.<anonymous> (/usr/local/Cellar/yarn/1.9.4/libexec/lib/cli.js:138440:10)
      at Request.emit (events.js:210:5)
      at IncomingMessage.<anonymous> (/usr/local/Cellar/yarn/1.9.4/libexec/lib/cli.js:138362:12)
      at Object.onceWrapper (events.js:299:28)
      at IncomingMessage.emit (events.js:215:7)
      at endReadableNT (_stream_readable.js:1184:12)
      at processTicksAndRejections (internal/process/task_queues.js:80:21)

npm manifest: 
  {
    "name": "lunar",
    "version": "1.0.0",
    "description": "",
    "main": "index.js",
    "scripts": {
      "dev": "rollup -c -w",
      "test": "echo \"Error: no test specified\" && exit 1"
    },
    "repository": {
      "type": "git",
      "url": "github-szh:suzhihui/lunar.git"
    },
    "keywords": [],
    "author": "",
    "license": "ISC",
    "devDependencies": {
      "rollup-plugin-babel": "^4.4.0"
    }
  }

yarn manifest: 
  No manifest

Lockfile: 
  # THIS IS AN AUTOGENERATED FILE. DO NOT EDIT THIS FILE DIRECTLY.
  # yarn lockfile v1
  
  
  "@babel/helper-module-imports@^7.0.0":
    version "7.8.3"
    resolved "https://registry.npm.taobao.org/@babel/helper-module-imports/download/@babel/helper-module-imports-7.8.3.tgz#7fe39589b39c016331b6b8c3f441e8f0b1419498"
    dependencies:
      "@babel/types" "^7.8.3"
  
  "@babel/helper-validator-identifier@^7.9.0":
    version "7.9.0"
    resolved "https://registry.npm.taobao.org/@babel/helper-validator-identifier/download/@babel/helper-validator-identifier-7.9.0.tgz#ad53562a7fc29b3b9a91bbf7d10397fd146346ed"
  
  "@babel/types@^7.8.3":
    version "7.9.0"
    resolved "https://registry.npm.taobao.org/@babel/types/download/@babel/types-7.9.0.tgz#00b064c3df83ad32b2dbf5ff07312b15c7f1efb5"
    dependencies:
      "@babel/helper-validator-identifier" "^7.9.0"
      lodash "^4.17.13"
      to-fast-properties "^2.0.0"
  
  estree-walker@^0.6.1:
    version "0.6.1"
    resolved "https://registry.npm.taobao.org/estree-walker/download/estree-walker-0.6.1.tgz#53049143f40c6eb918b23671d1fe3219f3a1b362"
  
  lodash@^4.17.13:
    version "4.17.15"
    resolved "https://registry.npm.taobao.org/lodash/download/lodash-4.17.15.tgz?cache=0&sync_timestamp=1571657272199&other_urls=https%3A%2F%2Fregistry.npm.taobao.org%2Flodash%2Fdownload%2Flodash-4.17.15.tgz#b447f6670a0455bbfeedd11392eff330ea097548"
  
  rollup-plugin-babel@^4.4.0:
    version "4.4.0"
    resolved "https://registry.npm.taobao.org/rollup-plugin-babel/download/rollup-plugin-babel-4.4.0.tgz#d15bd259466a9d1accbdb2fe2fff17c52d030acb"
    dependencies:
      "@babel/helper-module-imports" "^7.0.0"
      rollup-pluginutils "^2.8.1"
  
  rollup-pluginutils@^2.8.1:
    version "2.8.2"
    resolved "https://registry.npm.taobao.org/rollup-pluginutils/download/rollup-pluginutils-2.8.2.tgz#72f2af0748b592364dbd3389e600e5a9444a351e"
    dependencies:
      estree-walker "^0.6.1"
  
  to-fast-properties@^2.0.0:
    version "2.0.0"
    resolved "https://registry.npm.taobao.org/to-fast-properties/download/to-fast-properties-2.0.0.tgz?cache=0&sync_timestamp=1580550317222&other_urls=https%3A%2F%2Fregistry.npm.taobao.org%2Fto-fast-properties%2Fdownload%2Fto-fast-properties-2.0.0.tgz#dc5e698cbd079265bc73e0377681a4e4e83f616e"
